  [1m[35m (0.5ms)[0m  [1m[34mSELECT sqlite_version(*)[0m
  [1m[35m (1.2ms)[0m  [1m[35mCREATE TABLE "schema_migrations" ("version" varchar NOT NULL PRIMARY KEY)[0m
  [1m[35m (1.5ms)[0m  [1m[35mCREATE TABLE "ar_internal_metadata" ("key" varchar NOT NULL PRIMARY KEY, "value" varchar, "created_at" datetime NOT NULL, "updated_at" datetime NOT NULL)[0m
  [1m[35m (0.2ms)[0m  [1m[34mSELECT "schema_migrations"."version" FROM "schema_migrations" ORDER BY "schema_migrations"."version" ASC[0m
Migrating to CreateArticles (20170724105507)
  [1m[35m (0.1ms)[0m  [1m[36mbegin transaction[0m
  [1m[35m (0.4ms)[0m  [1m[35mCREATE TABLE "articles" ("id" INTEGER PRIMARY KEY AUTOINCREMENT NOT NULL, "title" varchar, "body" text, "created_at" datetime NOT NULL, "updated_at" datetime NOT NULL)[0m
  [1m[35mSQL (0.2ms)[0m  [1m[32mINSERT INTO "schema_migrations" ("version") VALUES (?)[0m  [["version", "20170724105507"]]
  [1m[35m (1.0ms)[0m  [1m[36mcommit transaction[0m
  [1m[36mActiveRecord::InternalMetadata Load (0.2ms)[0m  [1m[34mSELECT  "ar_internal_metadata".* FROM "ar_internal_metadata" WHERE "ar_internal_metadata"."key" = ? LIMIT ?[0m  [["key", "environment"], ["LIMIT", 1]]
  [1m[35m (0.1ms)[0m  [1m[36mbegin transaction[0m
  [1m[35mSQL (0.3ms)[0m  [1m[32mINSERT INTO "ar_internal_metadata" ("key", "value", "created_at", "updated_at") VALUES (?, ?, ?, ?)[0m  [["key", "environment"], ["value", "development"], ["created_at", "2017-07-24 12:46:27.118033"], ["updated_at", "2017-07-24 12:46:27.118033"]]
  [1m[35m (0.8ms)[0m  [1m[36mcommit transaction[0m
  [1m[35m (0.1ms)[0m  [1m[34mSELECT "schema_migrations"."version" FROM "schema_migrations" ORDER BY "schema_migrations"."version" ASC[0m
  [1m[35m (0.2ms)[0m  [1m[34mSELECT "schema_migrations"."version" FROM "schema_migrations" ORDER BY "schema_migrations"."version" ASC[0m
  [1m[36mActiveRecord::InternalMetadata Load (0.8ms)[0m  [1m[34mSELECT  "ar_internal_metadata".* FROM "ar_internal_metadata" WHERE "ar_internal_metadata"."key" = ? LIMIT ?[0m  [["key", "environment"], ["LIMIT", 1]]
  [1m[35m (0.1ms)[0m  [1m[36mbegin transaction[0m
  [1m[35m (0.1ms)[0m  [1m[36mcommit transaction[0m
  [1m[35m (0.1ms)[0m  [1m[34mSELECT "schema_migrations"."version" FROM "schema_migrations" ORDER BY "schema_migrations"."version" ASC[0m
  [1m[36mArticle Load (1.6ms)[0m  [1m[34mSELECT  "articles".* FROM "articles" LIMIT ?[0m  [["LIMIT", 11]]
  [1m[36mArticle Load (2.1ms)[0m  [1m[34mSELECT  "articles".* FROM "articles" LIMIT ?[0m  [["LIMIT", 11]]
  [1m[35m (0.1ms)[0m  [1m[36mbegin transaction[0m
  [1m[35mSQL (1.1ms)[0m  [1m[32mINSERT INTO "articles" ("title", "body", "created_at", "updated_at") VALUES (?, ?, ?, ?)[0m  [["title", "Sample Article Title"], ["body", "This is the text for my article, woo hoo!"], ["created_at", "2017-07-24 13:26:34.439234"], ["updated_at", "2017-07-24 13:26:34.439234"]]
  [1m[35m (1.2ms)[0m  [1m[36mcommit transaction[0m
  [1m[36mArticle Load (0.2ms)[0m  [1m[34mSELECT  "articles".* FROM "articles" LIMIT ?[0m  [["LIMIT", 11]]
  [1m[35m (0.3ms)[0m  [1m[36mbegin transaction[0m
  [1m[35mSQL (1.0ms)[0m  [1m[32mINSERT INTO "articles" ("title", "body", "created_at", "updated_at") VALUES (?, ?, ?, ?)[0m  [["title", "Sample Article2"], ["body", "this is the text of my 2nd arti"], ["created_at", "2017-07-24 13:33:29.737668"], ["updated_at", "2017-07-24 13:33:29.737668"]]
  [1m[35m (1.2ms)[0m  [1m[36mcommit transaction[0m
  [1m[36mArticle Load (0.2ms)[0m  [1m[34mSELECT  "articles".* FROM "articles" LIMIT ?[0m  [["LIMIT", 11]]
  [1m[35m (0.1ms)[0m  [1m[36mbegin transaction[0m
  [1m[35mSQL (0.5ms)[0m  [1m[32mINSERT INTO "articles" ("title", "body", "created_at", "updated_at") VALUES (?, ?, ?, ?)[0m  [["title", "just another title"], ["body", "body chou body fou"], ["created_at", "2017-07-24 13:34:11.612272"], ["updated_at", "2017-07-24 13:34:11.612272"]]
  [1m[35m (1.3ms)[0m  [1m[36mcommit transaction[0m
  [1m[36mArticle Load (0.3ms)[0m  [1m[34mSELECT  "articles".* FROM "articles" LIMIT ?[0m  [["LIMIT", 11]]
  [1m[36mArticle Load (2.4ms)[0m  [1m[34mSELECT  "articles".* FROM "articles" LIMIT ?[0m  [["LIMIT", 11]]
Started GET "/articles/" for 127.0.0.1 at 2017-07-24 19:52:45 +0200
  [1m[35m (0.6ms)[0m  [1m[34mSELECT "schema_migrations"."version" FROM "schema_migrations" ORDER BY "schema_migrations"."version" ASC[0m
Processing by ArticlesController#index as HTML
  Rendering articles/index.html.erb within layouts/application
  [1m[36mArticle Load (1.1ms)[0m  [1m[34mSELECT "articles".* FROM "articles"[0m
  Rendered articles/index.html.erb within layouts/application (14.5ms)
Completed 200 OK in 864ms (Views: 848.4ms | ActiveRecord: 2.0ms)


Started GET "/articles/" for 127.0.0.1 at 2017-07-25 10:52:34 +0200
Processing by ArticlesController#index as HTML
  Rendering articles/index.html.erb within layouts/application
  [1m[36mArticle Load (2.4ms)[0m  [1m[34mSELECT "articles".* FROM "articles"[0m
  Rendered articles/index.html.erb within layouts/application (30.7ms)
Completed 200 OK in 220ms (Views: 194.0ms | ActiveRecord: 2.4ms)


Started GET "/articles/" for 127.0.0.1 at 2017-07-25 11:00:18 +0200
Processing by ArticlesController#index as HTML
  Rendering articles/index.html.erb within layouts/application
  [1m[36mArticle Load (0.5ms)[0m  [1m[34mSELECT "articles".* FROM "articles"[0m
  Rendered articles/index.html.erb within layouts/application (17.4ms)
Completed 200 OK in 68ms (Views: 58.7ms | ActiveRecord: 1.5ms)


Started GET "/articles/1" for 127.0.0.1 at 2017-07-25 11:00:20 +0200
Processing by ArticlesController#show as HTML
  Parameters: {"id"=>"1"}
Completed 406 Not Acceptable in 60ms (ActiveRecord: 0.0ms)


  
ActionController::UnknownFormat (ArticlesController#show is missing a template for this request format and variant.

request.formats: ["text/html"]
request.variant: []

NOTE! For XHR/Ajax or API requests, this action would normally respond with 204 No Content: an empty white screen. Since you're loading it in a web browser, we assume that you expected to actually render a template, not nothing, so we're showing an error to be extra-clear. If you expect 204 No Content, carry on. That's what you'll get from an XHR or API request. Give it a shot.):
  
actionpack (5.1.2) lib/action_controller/metal/implicit_render.rb:53:in `default_render'
actionpack (5.1.2) lib/action_controller/metal/basic_implicit_render.rb:4:in `block in send_action'
actionpack (5.1.2) lib/action_controller/metal/basic_implicit_render.rb:4:in `tap'
actionpack (5.1.2) lib/action_controller/metal/basic_implicit_render.rb:4:in `send_action'
actionpack (5.1.2) lib/abstract_controller/base.rb:186:in `process_action'
actionpack (5.1.2) lib/action_controller/metal/rendering.rb:30:in `process_action'
actionpack (5.1.2) lib/abstract_controller/callbacks.rb:20:in `block in process_action'
activesupport (5.1.2) lib/active_support/callbacks.rb:131:in `run_callbacks'
actionpack (5.1.2) lib/abstract_controller/callbacks.rb:19:in `process_action'
actionpack (5.1.2) lib/action_controller/metal/rescue.rb:20:in `process_action'
actionpack (5.1.2) lib/action_controller/metal/instrumentation.rb:32:in `block in process_action'
activesupport (5.1.2) lib/active_support/notifications.rb:166:in `block in instrument'
activesupport (5.1.2) lib/active_support/notifications/instrumenter.rb:21:in `instrument'
activesupport (5.1.2) lib/active_support/notifications.rb:166:in `instrument'
actionpack (5.1.2) lib/action_controller/metal/instrumentation.rb:30:in `process_action'
actionpack (5.1.2) lib/action_controller/metal/params_wrapper.rb:252:in `process_action'
activerecord (5.1.2) lib/active_record/railties/controller_runtime.rb:22:in `process_action'
actionpack (5.1.2) lib/abstract_controller/base.rb:124:in `process'
actionview (5.1.2) lib/action_view/rendering.rb:30:in `process'
actionpack (5.1.2) lib/action_controller/metal.rb:189:in `dispatch'
actionpack (5.1.2) lib/action_controller/metal.rb:253:in `dispatch'
actionpack (5.1.2) lib/action_dispatch/routing/route_set.rb:49:in `dispatch'
actionpack (5.1.2) lib/action_dispatch/routing/route_set.rb:31:in `serve'
actionpack (5.1.2) lib/action_dispatch/journey/router.rb:46:in `block in serve'
actionpack (5.1.2) lib/action_dispatch/journey/router.rb:33:in `each'
actionpack (5.1.2) lib/action_dispatch/journey/router.rb:33:in `serve'
actionpack (5.1.2) lib/action_dispatch/routing/route_set.rb:832:in `call'
rack (2.0.3) lib/rack/etag.rb:25:in `call'
rack (2.0.3) lib/rack/conditional_get.rb:25:in `call'
rack (2.0.3) lib/rack/head.rb:12:in `call'
rack (2.0.3) lib/rack/session/abstract/id.rb:232:in `context'
rack (2.0.3) lib/rack/session/abstract/id.rb:226:in `call'
actionpack (5.1.2) lib/action_dispatch/middleware/cookies.rb:613:in `call'
activerecord (5.1.2) lib/active_record/migration.rb:556:in `call'
actionpack (5.1.2) lib/action_dispatch/middleware/callbacks.rb:26:in `block in call'
activesupport (5.1.2) lib/active_support/callbacks.rb:97:in `run_callbacks'
actionpack (5.1.2) lib/action_dispatch/middleware/callbacks.rb:24:in `call'
actionpack (5.1.2) lib/action_dispatch/middleware/executor.rb:12:in `call'
actionpack (5.1.2) lib/action_dispatch/middleware/debug_exceptions.rb:59:in `call'
web-console (3.5.1) lib/web_console/middleware.rb:135:in `call_app'
web-console (3.5.1) lib/web_console/middleware.rb:28:in `block in call'
web-console (3.5.1) lib/web_console/middleware.rb:18:in `catch'
web-console (3.5.1) lib/web_console/middleware.rb:18:in `call'
actionpack (5.1.2) lib/action_dispatch/middleware/show_exceptions.rb:31:in `call'
railties (5.1.2) lib/rails/rack/logger.rb:36:in `call_app'
railties (5.1.2) lib/rails/rack/logger.rb:24:in `block in call'
activesupport (5.1.2) lib/active_support/tagged_logging.rb:69:in `block in tagged'
activesupport (5.1.2) lib/active_support/tagged_logging.rb:26:in `tagged'
activesupport (5.1.2) lib/active_support/tagged_logging.rb:69:in `tagged'
railties (5.1.2) lib/rails/rack/logger.rb:24:in `call'
sprockets-rails (3.2.0) lib/sprockets/rails/quiet_assets.rb:13:in `call'
actionpack (5.1.2) lib/action_dispatch/middleware/remote_ip.rb:79:in `call'
actionpack (5.1.2) lib/action_dispatch/middleware/request_id.rb:25:in `call'
rack (2.0.3) lib/rack/method_override.rb:22:in `call'
rack (2.0.3) lib/rack/runtime.rb:22:in `call'
activesupport (5.1.2) lib/active_support/cache/strategy/local_cache_middleware.rb:27:in `call'
actionpack (5.1.2) lib/action_dispatch/middleware/executor.rb:12:in `call'
actionpack (5.1.2) lib/action_dispatch/middleware/static.rb:125:in `call'
rack (2.0.3) lib/rack/sendfile.rb:111:in `call'
railties (5.1.2) lib/rails/engine.rb:522:in `call'
puma (3.9.1) lib/puma/configuration.rb:224:in `call'
puma (3.9.1) lib/puma/server.rb:602:in `handle_request'
puma (3.9.1) lib/puma/server.rb:435:in `process_client'
puma (3.9.1) lib/puma/server.rb:299:in `block in run'
puma (3.9.1) lib/puma/thread_pool.rb:120:in `block in spawn_thread'
Started GET "/articles/" for 127.0.0.1 at 2017-07-25 11:01:03 +0200
Processing by ArticlesController#index as HTML
  Rendering articles/index.html.erb within layouts/application
  [1m[36mArticle Load (0.2ms)[0m  [1m[34mSELECT "articles".* FROM "articles"[0m
  Rendered articles/index.html.erb within layouts/application (2.1ms)
Completed 200 OK in 33ms (Views: 30.8ms | ActiveRecord: 0.2ms)


Started GET "/articles/1" for 127.0.0.1 at 2017-07-25 11:03:27 +0200
Processing by ArticlesController#show as HTML
  Parameters: {"id"=>"1"}
Completed 406 Not Acceptable in 62ms (ActiveRecord: 0.0ms)


  
ActionController::UnknownFormat (ArticlesController#show is missing a template for this request format and variant.

request.formats: ["text/html"]
request.variant: []

NOTE! For XHR/Ajax or API requests, this action would normally respond with 204 No Content: an empty white screen. Since you're loading it in a web browser, we assume that you expected to actually render a template, not nothing, so we're showing an error to be extra-clear. If you expect 204 No Content, carry on. That's what you'll get from an XHR or API request. Give it a shot.):
  
actionpack (5.1.2) lib/action_controller/metal/implicit_render.rb:53:in `default_render'
actionpack (5.1.2) lib/action_controller/metal/basic_implicit_render.rb:4:in `block in send_action'
actionpack (5.1.2) lib/action_controller/metal/basic_implicit_render.rb:4:in `tap'
actionpack (5.1.2) lib/action_controller/metal/basic_implicit_render.rb:4:in `send_action'
actionpack (5.1.2) lib/abstract_controller/base.rb:186:in `process_action'
actionpack (5.1.2) lib/action_controller/metal/rendering.rb:30:in `process_action'
actionpack (5.1.2) lib/abstract_controller/callbacks.rb:20:in `block in process_action'
activesupport (5.1.2) lib/active_support/callbacks.rb:131:in `run_callbacks'
actionpack (5.1.2) lib/abstract_controller/callbacks.rb:19:in `process_action'
actionpack (5.1.2) lib/action_controller/metal/rescue.rb:20:in `process_action'
actionpack (5.1.2) lib/action_controller/metal/instrumentation.rb:32:in `block in process_action'
activesupport (5.1.2) lib/active_support/notifications.rb:166:in `block in instrument'
activesupport (5.1.2) lib/active_support/notifications/instrumenter.rb:21:in `instrument'
activesupport (5.1.2) lib/active_support/notifications.rb:166:in `instrument'
actionpack (5.1.2) lib/action_controller/metal/instrumentation.rb:30:in `process_action'
actionpack (5.1.2) lib/action_controller/metal/params_wrapper.rb:252:in `process_action'
activerecord (5.1.2) lib/active_record/railties/controller_runtime.rb:22:in `process_action'
actionpack (5.1.2) lib/abstract_controller/base.rb:124:in `process'
actionview (5.1.2) lib/action_view/rendering.rb:30:in `process'
actionpack (5.1.2) lib/action_controller/metal.rb:189:in `dispatch'
actionpack (5.1.2) lib/action_controller/metal.rb:253:in `dispatch'
actionpack (5.1.2) lib/action_dispatch/routing/route_set.rb:49:in `dispatch'
actionpack (5.1.2) lib/action_dispatch/routing/route_set.rb:31:in `serve'
actionpack (5.1.2) lib/action_dispatch/journey/router.rb:46:in `block in serve'
actionpack (5.1.2) lib/action_dispatch/journey/router.rb:33:in `each'
actionpack (5.1.2) lib/action_dispatch/journey/router.rb:33:in `serve'
actionpack (5.1.2) lib/action_dispatch/routing/route_set.rb:832:in `call'
rack (2.0.3) lib/rack/etag.rb:25:in `call'
rack (2.0.3) lib/rack/conditional_get.rb:25:in `call'
rack (2.0.3) lib/rack/head.rb:12:in `call'
rack (2.0.3) lib/rack/session/abstract/id.rb:232:in `context'
rack (2.0.3) lib/rack/session/abstract/id.rb:226:in `call'
actionpack (5.1.2) lib/action_dispatch/middleware/cookies.rb:613:in `call'
activerecord (5.1.2) lib/active_record/migration.rb:556:in `call'
actionpack (5.1.2) lib/action_dispatch/middleware/callbacks.rb:26:in `block in call'
activesupport (5.1.2) lib/active_support/callbacks.rb:97:in `run_callbacks'
actionpack (5.1.2) lib/action_dispatch/middleware/callbacks.rb:24:in `call'
actionpack (5.1.2) lib/action_dispatch/middleware/executor.rb:12:in `call'
actionpack (5.1.2) lib/action_dispatch/middleware/debug_exceptions.rb:59:in `call'
web-console (3.5.1) lib/web_console/middleware.rb:135:in `call_app'
web-console (3.5.1) lib/web_console/middleware.rb:28:in `block in call'
web-console (3.5.1) lib/web_console/middleware.rb:18:in `catch'
web-console (3.5.1) lib/web_console/middleware.rb:18:in `call'
actionpack (5.1.2) lib/action_dispatch/middleware/show_exceptions.rb:31:in `call'
railties (5.1.2) lib/rails/rack/logger.rb:36:in `call_app'
railties (5.1.2) lib/rails/rack/logger.rb:24:in `block in call'
activesupport (5.1.2) lib/active_support/tagged_logging.rb:69:in `block in tagged'
activesupport (5.1.2) lib/active_support/tagged_logging.rb:26:in `tagged'
activesupport (5.1.2) lib/active_support/tagged_logging.rb:69:in `tagged'
railties (5.1.2) lib/rails/rack/logger.rb:24:in `call'
sprockets-rails (3.2.0) lib/sprockets/rails/quiet_assets.rb:13:in `call'
actionpack (5.1.2) lib/action_dispatch/middleware/remote_ip.rb:79:in `call'
actionpack (5.1.2) lib/action_dispatch/middleware/request_id.rb:25:in `call'
rack (2.0.3) lib/rack/method_override.rb:22:in `call'
rack (2.0.3) lib/rack/runtime.rb:22:in `call'
activesupport (5.1.2) lib/active_support/cache/strategy/local_cache_middleware.rb:27:in `call'
actionpack (5.1.2) lib/action_dispatch/middleware/executor.rb:12:in `call'
actionpack (5.1.2) lib/action_dispatch/middleware/static.rb:125:in `call'
rack (2.0.3) lib/rack/sendfile.rb:111:in `call'
railties (5.1.2) lib/rails/engine.rb:522:in `call'
puma (3.9.1) lib/puma/configuration.rb:224:in `call'
puma (3.9.1) lib/puma/server.rb:602:in `handle_request'
puma (3.9.1) lib/puma/server.rb:435:in `process_client'
puma (3.9.1) lib/puma/server.rb:299:in `block in run'
puma (3.9.1) lib/puma/thread_pool.rb:120:in `block in spawn_thread'
Started GET "/articles/1" for 127.0.0.1 at 2017-07-25 11:11:56 +0200
Processing by ArticlesController#show as HTML
  Parameters: {"id"=>"1"}
  [1m[36mArticle Load (0.7ms)[0m  [1m[34mSELECT  "articles".* FROM "articles" WHERE "articles"."id" = ? LIMIT ?[0m  [["id", 1], ["LIMIT", 1]]
Completed 406 Not Acceptable in 88ms (ActiveRecord: 2.2ms)


  
ActionController::UnknownFormat (ArticlesController#show is missing a template for this request format and variant.

request.formats: ["text/html"]
request.variant: []

NOTE! For XHR/Ajax or API requests, this action would normally respond with 204 No Content: an empty white screen. Since you're loading it in a web browser, we assume that you expected to actually render a template, not nothing, so we're showing an error to be extra-clear. If you expect 204 No Content, carry on. That's what you'll get from an XHR or API request. Give it a shot.):
  
actionpack (5.1.2) lib/action_controller/metal/implicit_render.rb:53:in `default_render'
actionpack (5.1.2) lib/action_controller/metal/basic_implicit_render.rb:4:in `block in send_action'
actionpack (5.1.2) lib/action_controller/metal/basic_implicit_render.rb:4:in `tap'
actionpack (5.1.2) lib/action_controller/metal/basic_implicit_render.rb:4:in `send_action'
actionpack (5.1.2) lib/abstract_controller/base.rb:186:in `process_action'
actionpack (5.1.2) lib/action_controller/metal/rendering.rb:30:in `process_action'
actionpack (5.1.2) lib/abstract_controller/callbacks.rb:20:in `block in process_action'
activesupport (5.1.2) lib/active_support/callbacks.rb:131:in `run_callbacks'
actionpack (5.1.2) lib/abstract_controller/callbacks.rb:19:in `process_action'
actionpack (5.1.2) lib/action_controller/metal/rescue.rb:20:in `process_action'
actionpack (5.1.2) lib/action_controller/metal/instrumentation.rb:32:in `block in process_action'
activesupport (5.1.2) lib/active_support/notifications.rb:166:in `block in instrument'
activesupport (5.1.2) lib/active_support/notifications/instrumenter.rb:21:in `instrument'
activesupport (5.1.2) lib/active_support/notifications.rb:166:in `instrument'
actionpack (5.1.2) lib/action_controller/metal/instrumentation.rb:30:in `process_action'
actionpack (5.1.2) lib/action_controller/metal/params_wrapper.rb:252:in `process_action'
activerecord (5.1.2) lib/active_record/railties/controller_runtime.rb:22:in `process_action'
actionpack (5.1.2) lib/abstract_controller/base.rb:124:in `process'
actionview (5.1.2) lib/action_view/rendering.rb:30:in `process'
actionpack (5.1.2) lib/action_controller/metal.rb:189:in `dispatch'
actionpack (5.1.2) lib/action_controller/metal.rb:253:in `dispatch'
actionpack (5.1.2) lib/action_dispatch/routing/route_set.rb:49:in `dispatch'
actionpack (5.1.2) lib/action_dispatch/routing/route_set.rb:31:in `serve'
actionpack (5.1.2) lib/action_dispatch/journey/router.rb:46:in `block in serve'
actionpack (5.1.2) lib/action_dispatch/journey/router.rb:33:in `each'
actionpack (5.1.2) lib/action_dispatch/journey/router.rb:33:in `serve'
actionpack (5.1.2) lib/action_dispatch/routing/route_set.rb:832:in `call'
rack (2.0.3) lib/rack/etag.rb:25:in `call'
rack (2.0.3) lib/rack/conditional_get.rb:25:in `call'
rack (2.0.3) lib/rack/head.rb:12:in `call'
rack (2.0.3) lib/rack/session/abstract/id.rb:232:in `context'
rack (2.0.3) lib/rack/session/abstract/id.rb:226:in `call'
actionpack (5.1.2) lib/action_dispatch/middleware/cookies.rb:613:in `call'
activerecord (5.1.2) lib/active_record/migration.rb:556:in `call'
actionpack (5.1.2) lib/action_dispatch/middleware/callbacks.rb:26:in `block in call'
activesupport (5.1.2) lib/active_support/callbacks.rb:97:in `run_callbacks'
actionpack (5.1.2) lib/action_dispatch/middleware/callbacks.rb:24:in `call'
actionpack (5.1.2) lib/action_dispatch/middleware/executor.rb:12:in `call'
actionpack (5.1.2) lib/action_dispatch/middleware/debug_exceptions.rb:59:in `call'
web-console (3.5.1) lib/web_console/middleware.rb:135:in `call_app'
web-console (3.5.1) lib/web_console/middleware.rb:28:in `block in call'
web-console (3.5.1) lib/web_console/middleware.rb:18:in `catch'
web-console (3.5.1) lib/web_console/middleware.rb:18:in `call'
actionpack (5.1.2) lib/action_dispatch/middleware/show_exceptions.rb:31:in `call'
railties (5.1.2) lib/rails/rack/logger.rb:36:in `call_app'
railties (5.1.2) lib/rails/rack/logger.rb:24:in `block in call'
activesupport (5.1.2) lib/active_support/tagged_logging.rb:69:in `block in tagged'
activesupport (5.1.2) lib/active_support/tagged_logging.rb:26:in `tagged'
activesupport (5.1.2) lib/active_support/tagged_logging.rb:69:in `tagged'
railties (5.1.2) lib/rails/rack/logger.rb:24:in `call'
sprockets-rails (3.2.0) lib/sprockets/rails/quiet_assets.rb:13:in `call'
actionpack (5.1.2) lib/action_dispatch/middleware/remote_ip.rb:79:in `call'
actionpack (5.1.2) lib/action_dispatch/middleware/request_id.rb:25:in `call'
rack (2.0.3) lib/rack/method_override.rb:22:in `call'
rack (2.0.3) lib/rack/runtime.rb:22:in `call'
activesupport (5.1.2) lib/active_support/cache/strategy/local_cache_middleware.rb:27:in `call'
actionpack (5.1.2) lib/action_dispatch/middleware/executor.rb:12:in `call'
actionpack (5.1.2) lib/action_dispatch/middleware/static.rb:125:in `call'
rack (2.0.3) lib/rack/sendfile.rb:111:in `call'
railties (5.1.2) lib/rails/engine.rb:522:in `call'
puma (3.9.1) lib/puma/configuration.rb:224:in `call'
puma (3.9.1) lib/puma/server.rb:602:in `handle_request'
puma (3.9.1) lib/puma/server.rb:435:in `process_client'
puma (3.9.1) lib/puma/server.rb:299:in `block in run'
puma (3.9.1) lib/puma/thread_pool.rb:120:in `block in spawn_thread'
Started GET "/articles/" for 127.0.0.1 at 2017-07-25 11:14:12 +0200
Processing by ArticlesController#index as HTML
  Rendering articles/index.html.erb within layouts/application
  [1m[36mArticle Load (0.2ms)[0m  [1m[34mSELECT "articles".* FROM "articles"[0m
  Rendered articles/index.html.erb within layouts/application (2.1ms)
Completed 200 OK in 31ms (Views: 27.6ms | ActiveRecord: 0.2ms)


Started GET "/articles/1" for 127.0.0.1 at 2017-07-25 11:14:15 +0200
Processing by ArticlesController#show as HTML
  Parameters: {"id"=>"1"}
  [1m[36mArticle Load (0.5ms)[0m  [1m[34mSELECT  "articles".* FROM "articles" WHERE "articles"."id" = ? LIMIT ?[0m  [["id", 1], ["LIMIT", 1]]
  Rendering articles/show.html.erb within layouts/application
  Rendered articles/show.html.erb within layouts/application (1.5ms)
Completed 200 OK in 28ms (Views: 24.1ms | ActiveRecord: 0.5ms)


